THE HCMV genome (EF999921) has None CDS. 
target_id test_stat pval qval
ABV71604.1 14.8059040828651 0.000119161848935223 0.0117091893470058
ABV71622.1 14.4990557897043 0.000140229812538992 0.0117091893470058
ABV71560.1 13.0094916257083 0.000309916067492225 0.015430521676548
ABV71652.1 12.6799708422576 0.000369593333570011 0.015430521676548
ABV71626.1 11.813342992378 0.000588077463880143 0.017228845161045
ABV71651.1 11.469308392897 0.000707550069404468 0.017228845161045
ABV71646.1 11.4313109048217 0.000722167162439013 0.017228845161045
ABV71649.1 11.1497503194844 0.000840429840370099 0.0175439729177258
ABV71561.1 10.4407058867702 0.00123268151436086 0.0228730903220293
ABV71595.1 10.0085965863357 0.00155811209199482 0.0260204719363135
ABV71519.1 8.64354839165115 0.00328221544093185 0.0440878355220965
ABV71596.1 8.57115111482898 0.00341531159346342 0.0440878355220965
ABV71506.1 8.4017241294845 0.00374865301773559 0.0440878355220965
ABV71607.1 8.35147586141281 0.00385374179399974 0.0440878355220965
ABV71635.1 8.30207297234538 0.00395998522653561 0.0440878355220965
ABV71507.1 7.96945439172684 0.00475732760067676 0.0496546068320637

Donor 1(2dpi) had 2259287.0 read pairs before Bowtie2 filtering and 1744101.0 pairs after.
Donor 1(6dpi) had 2004530.0 read pairs before Bowtie2 filtering and 1488833.0 pairs after.
Donor 3 (2dpi) had 2730258.0 read pairs before Bowtie2 filtering and 2382996.0 pairs after.
Donor 3 (6dpi) had 2476889.0 read pairs before Bowtie2 filtering and 1500834.0 pairs after.
spades -k 55,77,99,127 -t 2 --only-assembler --pe1-1 SRR5660030_mapped_1.fastq --pe1-2 SRR5660030_mapped_2.fastq --pe2-1 SRR5660033_mapped_1.fastq --pe2-2 SRR5660033_mapped_2.fastq --pe3-1 SRR5660044_mapped_1.fastq --pe3-2 SRR5660044_mapped_2.fastq --pe4-1 SRR5660045_mapped_1.fastq --pe4-2 SRR5660045_mapped_2.fastq -o SpadesAssembly/
There are 54 contigs > 1000 bp in the assembly.
There are 195620 bp in the assembly.

sacc	pident	length	qstart	qend	sstart	send	bitscore	evalue	stitle
NC_006273.2	99.434	15900	1	15888	138721	122822	28853	0.0	NC_006273.2 Human herpesvirus 5 strain Merlin	 complete genome
NC_003521.1	83.327	2831	8751	11576	130007	127219	2569	0.0	NC_003521.1 Panine herpesvirus 2 strain Heberling	 complete genome
NC_003521.1	82.562	1858	3813	5644	135403	133566	1594	0.0	NC_003521.1 Panine herpesvirus 2 strain Heberling	 complete genome
NC_003521.1	84.719	1564	11676	13235	127071	125512	1557	0.0	NC_003521.1 Panine herpesvirus 2 strain Heberling	 complete genome
NC_003521.1	84.833	1167	6385	7542	132561	131401	1160	0.0	NC_003521.1 Panine herpesvirus 2 strain Heberling	 complete genome
NC_003521.1	85.942	1003	13386	14383	125347	124356	1057	0.0	NC_003521.1 Panine herpesvirus 2 strain Heberling	 complete genome
NC_003521.1	87.042	710	2571	3275	136787	136080	795	0.0	NC_003521.1 Panine herpesvirus 2 strain Heberling	 complete genome
NC_003521.1	81.085	682	8043	8718	130753	130078	534	7.06e-151	NC_003521.1 Panine herpesvirus 2 strain Heberling	 complete genome
NC_033176.1	74.260	2467	9113	11556	118190	115749	994	0.0	NC_033176.1 Cynomolgus cytomegalovirus isolate 31908	 complete genome
NC_033176.1	79.618	996	3813	4804	123097	122106	708	0.0	NC_033176.1 Cynomolgus cytomegalovirus isolate 31908	 complete genome
